#
# There is insufficient memory for the Java Runtime Environment to continue.
# Native memory allocation (mmap) failed to map 117440512 bytes for Failed to commit area from 0x0000000090c00000 to 0x0000000097c00000 of length 117440512.
# Possible reasons:
#   The system is out of physical RAM or swap space
#   The process is running with CompressedOops enabled, and the Java Heap may be blocking the growth of the native heap
# Possible solutions:
#   Reduce memory load on the system
#   Increase physical memory or swap space
#   Check if swap backing store is full
#   Decrease Java heap size (-Xmx/-Xms)
#   Decrease number of Java threads
#   Decrease Java thread stack sizes (-Xss)
#   Set larger code cache with -XX:ReservedCodeCacheSize=
#   JVM is running with Unscaled Compressed Oops mode in which the Java heap is
#     placed in the first 4GB address space. The Java Heap base address is the
#     maximum limit for the native heap growth. Please use -XX:HeapBaseMinAddress
#     to set the Java Heap base and to place the Java Heap above 4GB virtual address.
# This output file may be truncated or incomplete.
#
#  Out of Memory Error (./open/src/hotspot/os/windows/os_windows.cpp:3315), pid=2072, tid=2152
#
# JRE version:  (14.0.2+12) (build )
# Java VM: OpenJDK 64-Bit Server VM (14.0.2+12-46, mixed mode, sharing, tiered, compressed oops, g1 gc, windows-amd64)
# No core dump will be written. Minidumps are not enabled by default on client versions of Windows
#

---------------  S U M M A R Y ------------

Command Line: -ea -Didea.test.cyclic.buffer.size=1048576 -javaagent:C:\Program Files\JetBrains\IntelliJ IDEA Community Edition 2020.2\lib\idea_rt.jar=63832:C:\Program Files\JetBrains\IntelliJ IDEA Community Edition 2020.2\bin -Dfile.encoding=UTF-8 com.intellij.rt.junit.JUnitStarter -ideVersion5 -junit5 TestPhoneCleaner

Host: AMD A8-9600 RADEON R7, 10 COMPUTE CORES 4C+6G  , 4 cores, 6G,  Windows 7 , 64 bit Build 7601 (6.1.7601.24499)
Time: Fri Nov 27 10:12:01 2020 RTZ 2 (ceia) elapsed time: 0 seconds (0d 0h 0m 0s)

---------------  T H R E A D  ---------------

Current thread (0x00000000003e7800):  JavaThread "Unknown thread" [_thread_in_vm, id=2152, stack(0x0000000002320000,0x0000000002420000)]

Stack: [0x0000000002320000,0x0000000002420000]
Native frames: (J=compiled Java code, j=interpreted, Vv=VM code, C=native code)
V  [jvm.dll+0x5f8a9a]
V  [jvm.dll+0x74247a]
V  [jvm.dll+0x743c2f]
V  [jvm.dll+0x744273]
V  [jvm.dll+0x20d288]
V  [jvm.dll+0x5f5dea]
V  [jvm.dll+0x5eac45]
V  [jvm.dll+0x2c7e9c]
V  [jvm.dll+0x2c7cd2]
V  [jvm.dll+0x2cdbbc]
V  [jvm.dll+0x313fe8]
V  [jvm.dll+0x313710]
V  [jvm.dll+0x2a092a]
V  [jvm.dll+0x2a1a79]
V  [jvm.dll+0x71fd48]
V  [jvm.dll+0x321c14]
V  [jvm.dll+0x70112c]
V  [jvm.dll+0x392def]
V  [jvm.dll+0x394e61]
C  [jli.dll+0x524b]
C  [ucrtbase.DLL+0x203ba]
C  [kernel32.dll+0x1556d]
C  [ntdll.dll+0x5385d]


---------------  P R O C E S S  ---------------

Threads class SMR info:
_java_thread_list=0x000007feecdf3038, length=0, elements={
}

Java Threads: ( => current thread )

Other Threads:
  0x0000000000425000 GCTaskThread "GC Thread#0" [stack: 0x000000001e770000,0x000000001e870000] [id=2144]
  0x0000000000434800 ConcurrentGCThread "G1 Main Marker" [stack: 0x000000001e9c0000,0x000000001eac0000] [id=2176]
  0x0000000000438000 ConcurrentGCThread "G1 Conc#0" [stack: 0x000000001ec20000,0x000000001ed20000] [id=6068]

[error occurred during error reporting (printing all threads), id 0xc0000005, EXCEPTION_ACCESS_VIOLATION (0xc0000005) at pc=0x000007feec621257]

VM state:not at safepoint (not fully initialized)

VM Mutex/Monitor currently owned by a thread:  ([mutex/lock_event])
[0x00000000003e0a20] Heap_lock - owner thread: 0x00000000003e7800

Heap address: 0x0000000090c00000, size: 1780 MB, Compressed Oops mode: 32-bit
Narrow klass base: 0x0000000000000000, Narrow klass shift: 0

GC Heap History (0 events):
No events

Deoptimization events (0 events):
No events

Classes unloaded (0 events):
No events

Classes redefined (0 events):
No events

Internal exceptions (0 events):
No events

Events (2 events):
Event: 0.016 Loaded shared library C:\Users\itmaster\.jdks\openjdk-14.0.2\bin\java.dll
Event: 0.016 Loaded shared library C:\Users\itmaster\.jdks\openjdk-14.0.2\bin\zip.dll


Dynamic libraries:
0x000000013f6c0000 - 0x000000013f6cd000 	C:\Users\itmaster\.jdks\openjdk-14.0.2\bin\java.exe
0x0000000077270000 - 0x000000007740f000 	C:\Windows\SYSTEM32\ntdll.dll
0x000007fef20c0000 - 0x000007fef20d2000 	C:\Program Files\AVAST Software\Avast\aswhook.dll
0x0000000077150000 - 0x000000007726f000 	C:\Windows\system32\kernel32.dll
0x000007fefce60000 - 0x000007fefcec7000 	C:\Windows\system32\KERNELBASE.dll
0x000007fef6870000 - 0x000007fef6888000 	C:\Users\itmaster\.jdks\openjdk-14.0.2\bin\jli.dll
0x000007fefb930000 - 0x000007fefbb25000 	C:\Windows\WinSxS\amd64_microsoft.windows.common-controls_6595b64144ccf1df_6.0.7601.24483_none_e372d88f30fbb845\COMCTL32.dll
0x000007fefd180000 - 0x000007fefd21f000 	C:\Windows\system32\msvcrt.dll
0x000007fefd3f0000 - 0x000007fefd457000 	C:\Windows\system32\GDI32.dll
0x0000000077050000 - 0x000000007714a000 	C:\Windows\system32\USER32.dll
0x000007fefd570000 - 0x000007fefd57e000 	C:\Windows\system32\LPK.dll
0x000007fefed00000 - 0x000007fefedcb000 	C:\Windows\system32\USP10.dll
0x000007fefd600000 - 0x000007fefd671000 	C:\Windows\system32\SHLWAPI.dll
0x000007fef5f70000 - 0x000007fef5f85000 	C:\Users\itmaster\.jdks\openjdk-14.0.2\bin\VCRUNTIME140.dll
0x000007fef68e0000 - 0x000007fef68e4000 	C:\Users\itmaster\.jdks\openjdk-14.0.2\bin\api-ms-win-crt-runtime-l1-1-0.dll
0x000007fef4920000 - 0x000007fef4a1c000 	C:\Users\itmaster\.jdks\openjdk-14.0.2\bin\ucrtbase.DLL
0x000007fef5b90000 - 0x000007fef5b93000 	C:\Users\itmaster\.jdks\openjdk-14.0.2\bin\api-ms-win-core-localization-l1-2-0.dll
0x000007fef5b80000 - 0x000007fef5b83000 	C:\Users\itmaster\.jdks\openjdk-14.0.2\bin\api-ms-win-core-processthreads-l1-1-1.dll
0x000007fef5b70000 - 0x000007fef5b73000 	C:\Users\itmaster\.jdks\openjdk-14.0.2\bin\api-ms-win-core-file-l1-2-0.dll
0x000007fef5830000 - 0x000007fef5833000 	C:\Users\itmaster\.jdks\openjdk-14.0.2\bin\api-ms-win-core-timezone-l1-1-0.dll
0x000007fef5820000 - 0x000007fef5823000 	C:\Users\itmaster\.jdks\openjdk-14.0.2\bin\api-ms-win-core-file-l2-1-0.dll
0x000007fef5760000 - 0x000007fef5763000 	C:\Users\itmaster\.jdks\openjdk-14.0.2\bin\api-ms-win-core-synch-l1-2-0.dll
0x000007fef5750000 - 0x000007fef5753000 	C:\Users\itmaster\.jdks\openjdk-14.0.2\bin\api-ms-win-crt-heap-l1-1-0.dll
0x000007fef5740000 - 0x000007fef5744000 	C:\Users\itmaster\.jdks\openjdk-14.0.2\bin\api-ms-win-crt-string-l1-1-0.dll
0x000007fef5730000 - 0x000007fef5734000 	C:\Users\itmaster\.jdks\openjdk-14.0.2\bin\api-ms-win-crt-stdio-l1-1-0.dll
0x000007fef5720000 - 0x000007fef5724000 	C:\Users\itmaster\.jdks\openjdk-14.0.2\bin\api-ms-win-crt-convert-l1-1-0.dll
0x000007fef4bf0000 - 0x000007fef4bf3000 	C:\Users\itmaster\.jdks\openjdk-14.0.2\bin\api-ms-win-crt-environment-l1-1-0.dll
0x000007fef4910000 - 0x000007fef4913000 	C:\Users\itmaster\.jdks\openjdk-14.0.2\bin\api-ms-win-crt-filesystem-l1-1-0.dll
0x000007fef4900000 - 0x000007fef4905000 	C:\Users\itmaster\.jdks\openjdk-14.0.2\bin\api-ms-win-crt-math-l1-1-0.dll
0x000007fef48f0000 - 0x000007fef48f3000 	C:\Users\itmaster\.jdks\openjdk-14.0.2\bin\api-ms-win-crt-locale-l1-1-0.dll
0x000007fefd2c0000 - 0x000007fefd2ee000 	C:\Windows\system32\IMM32.DLL
0x000007fefd460000 - 0x000007fefd569000 	C:\Windows\system32\MSCTF.dll
0x000007fef4850000 - 0x000007fef48eb000 	C:\Users\itmaster\.jdks\openjdk-14.0.2\bin\msvcp140.dll
0x000007fef4840000 - 0x000007fef4843000 	C:\Users\itmaster\.jdks\openjdk-14.0.2\bin\api-ms-win-crt-time-l1-1-0.dll
0x000007fef4830000 - 0x000007fef4833000 	C:\Users\itmaster\.jdks\openjdk-14.0.2\bin\api-ms-win-crt-utility-l1-1-0.dll
0x000007feec370000 - 0x000007feece8e000 	C:\Users\itmaster\.jdks\openjdk-14.0.2\bin\server\jvm.dll
0x000007fefd2f0000 - 0x000007fefd3cb000 	C:\Windows\system32\ADVAPI32.dll
0x000007fefec00000 - 0x000007fefec1f000 	C:\Windows\SYSTEM32\sechost.dll
0x000007feff0a0000 - 0x000007feff1cc000 	C:\Windows\system32\RPCRT4.dll
0x000007fef9960000 - 0x000007fef9969000 	C:\Windows\system32\WSOCK32.dll
0x000007fefedd0000 - 0x000007fefee1d000 	C:\Windows\system32\WS2_32.dll
0x000007fefeb90000 - 0x000007fefeb98000 	C:\Windows\system32\NSI.dll
0x000007fefab40000 - 0x000007fefab7b000 	C:\Windows\system32\WINMM.dll
0x000007fefbe80000 - 0x000007fefbe8c000 	C:\Windows\system32\VERSION.dll
0x0000000077420000 - 0x0000000077427000 	C:\Windows\system32\PSAPI.DLL
0x000007fef4820000 - 0x000007fef482a000 	C:\Users\itmaster\.jdks\openjdk-14.0.2\bin\jimage.dll
0x000007fef8800000 - 0x000007fef8925000 	C:\Windows\system32\DBGHELP.DLL
0x000007fef4810000 - 0x000007fef481e000 	C:\Users\itmaster\.jdks\openjdk-14.0.2\bin\instrument.dll
0x000007fef47e0000 - 0x000007fef4805000 	C:\Users\itmaster\.jdks\openjdk-14.0.2\bin\java.dll
0x000007fef47c0000 - 0x000007fef47d6000 	C:\Users\itmaster\.jdks\openjdk-14.0.2\bin\zip.dll

dbghelp: loaded successfully - version: 4.0.5 - missing functions: none
symbol engine: initialized successfully - sym options: 0x614 - pdb path: .;C:\Users\itmaster\.jdks\openjdk-14.0.2\bin;C:\Windows\SYSTEM32;C:\Program Files\AVAST Software\Avast;C:\Windows\WinSxS\amd64_microsoft.windows.common-controls_6595b64144ccf1df_6.0.7601.24483_none_e372d88f30fbb845;C:\Users\itmaster\.jdks\openjdk-14.0.2\bin\server

VM Arguments:
jvm_args: -ea -Didea.test.cyclic.buffer.size=1048576 -javaagent:C:\Program Files\JetBrains\IntelliJ IDEA Community Edition 2020.2\lib\idea_rt.jar=63832:C:\Program Files\JetBrains\IntelliJ IDEA Community Edition 2020.2\bin -Dfile.encoding=UTF-8 
java_command: com.intellij.rt.junit.JUnitStarter -ideVersion5 -junit5 TestPhoneCleaner
java_class_path (initial): C:\Program Files\JetBrains\IntelliJ IDEA Community Edition 2020.2\lib\idea_rt.jar;C:\Users\itmaster\.m2\repository\org\junit\platform\junit-platform-launcher\1.6.2\junit-platform-launcher-1.6.2.jar;C:\Program Files\JetBrains\IntelliJ IDEA Community Edition 2020.2\plugins\junit\lib\junit5-rt.jar;C:\Program Files\JetBrains\IntelliJ IDEA Community Edition 2020.2\plugins\junit\lib\junit-rt.jar;C:\Users\itmaster\IdeaProjects\Skillbox\java_basics\04_NumbersStringsAndDates\homework_4.5\PhoneCleaner\target\test-classes;C:\Users\itmaster\IdeaProjects\Skillbox\java_basics\04_NumbersStringsAndDates\homework_4.5\PhoneCleaner\target\classes;C:\Users\itmaster\.m2\repository\org\junit\jupiter\junit-jupiter-api\5.6.2\junit-jupiter-api-5.6.2.jar;C:\Users\itmaster\.m2\repository\org\apiguardian\apiguardian-api\1.1.0\apiguardian-api-1.1.0.jar;C:\Users\itmaster\.m2\repository\org\opentest4j\opentest4j\1.2.0\opentest4j-1.2.0.jar;C:\Users\itmaster\.m2\repository\org\junit\platform\junit-platform-commons\1.6.2\junit-platform-commons-1.6.2.jar;C:\Users\itmaster\.m2\repository\org\junit\jupiter\junit-jupiter-engine\5.6.2\junit-jupiter-engine-5.6.2.jar;C:\Users\itmaster\.m2\repository\org\junit\platform\junit-platform-engine\1.6.2\junit-platform-engine-1.6.2.jar;C:\Users\itmaster\.m2\repository\com\puppycrawl\tools\checkstyle\8.34\checkstyle-8.34.jar;C:\Users\itmaster\.m2\repository\info\picocli\picocli\4.3.2\picocli-4.3.2.jar;C:\Users\itmaster\.m2\repository\antlr\antlr\2.7.7\antlr-2.7.7.jar;C:\Users\itmaster\.m2\repository\org\antlr\antlr4-runtime\4.8-1\antlr4-runtime-4.8-1.jar;C:\Users\itmaster\.m2\repository\commons-beanutils\commons-beanutils\1.9.4\commons-beanutils-1.9.4.jar;C:\Users\itmaster\.m2\repository\commons-logging\commons-logging\1.2\commons-logging-1.2.jar;C:\Users\itmaster\.m2\repository\commons-collections\commons-collections\3.2.2\commons-collections-3.2.2.jar;C:\Users\itmaster\.m2\repository\com\google\guava\guava\29.0-jre\guava-29.0-jre.jar;C
Launcher Type: SUN_STANDARD

[Global flags]
     intx CICompilerCount                          = 3                                         {product} {ergonomic}
     uint ConcGCThreads                            = 1                                         {product} {ergonomic}
     uint G1ConcRefinementThreads                  = 4                                         {product} {ergonomic}
   size_t G1HeapRegionSize                         = 1048576                                   {product} {ergonomic}
    uintx GCDrainStackTargetSize                   = 64                                        {product} {ergonomic}
   size_t InitialHeapSize                          = 117440512                                 {product} {ergonomic}
   size_t MarkStackSize                            = 4194304                                   {product} {ergonomic}
   size_t MaxHeapSize                              = 1866465280                                {product} {ergonomic}
   size_t MinHeapDeltaBytes                        = 1048576                                   {product} {ergonomic}
   size_t MinHeapSize                              = 8388608                                   {product} {ergonomic}
    uintx NonNMethodCodeHeapSize                   = 5832780                                {pd product} {ergonomic}
    uintx NonProfiledCodeHeapSize                  = 122912730                              {pd product} {ergonomic}
    uintx ProfiledCodeHeapSize                     = 122912730                              {pd product} {ergonomic}
    uintx ReservedCodeCacheSize                    = 251658240                              {pd product} {ergonomic}
     bool SegmentedCodeCache                       = true                                      {product} {ergonomic}
   size_t SoftMaxHeapSize                          = 1866465280                             {manageable} {ergonomic}
     bool UseCompressedClassPointers               = true                                 {lp64_product} {ergonomic}
     bool UseCompressedOops                        = true                                 {lp64_product} {ergonomic}
     bool UseG1GC                                  = true                                      {product} {ergonomic}
     bool UseLargePagesIndividualAllocation        = false                                  {pd product} {ergonomic}

Logging:
Log output configuration:
 #0: stdout all=warning uptime,level,tags
 #1: stderr all=off uptime,level,tags

Environment Variables:
JAVA_HOME=C:\Program Files\Java\jdk-11.0.8
PATH=C:\Program Files\Common Files\Oracle\Java\javapath;C:\Program Files (x86)\Common Files\Oracle\Java\javapath;C:\Program Files\Java\jdk-11.0.8;C:\Program Files\Git\cmd;C:\Program Files\Common Files\Autodesk Shared\;C:\ProgramData\Oracle\Java\javapath;C:\Windows\system32;C:\Windows;C:\Windows\System32\Wbem;C:\Windows\System32\WindowsPowerShell\v1.0\;C:\php;C:\ProgramData\ComposerSetup\bin;C:\Program Files\nodejs\;C:\Program Files\Bandizip\7z;C:\Users\Rikcon\AppData\Roaming\npm;C:\adb;C:\Program Files\Intel\WiFi\bin\;C:\Program Files\Common Files\Intel\WirelessCommon\;C:\HashiCorp\Vagrant\bin;C:\Go\bin;C:\Program Files (x86)\NVIDIA Corporation\PhysX\Common;C:\Program Files (x86)\Livestreamer;C:\Program Files (x86)\Git\cmd;C:\Program Files (x86)\Git\bin;C:\Python34\Scripts;C:\Windows\system32;C:\Windows;C:\Windows\System32\Wbem;C:\Windows\System32\WindowsPowerShell\v1.0\
USERNAME=itmaster
OS=Windows_NT
PROCESSOR_IDENTIFIER=AMD64 Family 21 Model 101 Stepping 1, AuthenticAMD



---------------  S Y S T E M  ---------------

OS: Windows 7 , 64 bit Build 7601 (6.1.7601.24499)
OS uptime: 0 days 2:13 hours

CPU:total 4 (initial active 4) (4 cores per cpu, 1 threads per core) family 21 model 101 stepping 1, cmov, cx8, fxsr, mmx, sse, sse2, sse3, ssse3, sse4.1, sse4.2, popcnt, avx, avx2, aes, clmul, mmxext, 3dnowpref, lzcnt, sse4a, tsc, tscinvbit, tscinv, bmi1, bmi2, fma

Memory: 4k page, system-wide physical 7119M (1064M free)
TotalPageFile size 8141M (AvailPageFile size 6M)
current process WorkingSet (physical memory assigned to process): 10M, peak: 10M
current process commit charge ("private bytes"): 58M, peak: 168M

vm_info: OpenJDK 64-Bit Server VM (14.0.2+12-46) for windows-amd64 JRE (14.0.2+12-46), built on Jul  9 2020 00:31:16 by "mach5one" with MS VC++ 15.9 (VS2017)

END.
