#
# There is insufficient memory for the Java Runtime Environment to continue.
# Native memory allocation (mmap) failed to map 117440512 bytes for Failed to commit area from 0x0000000090c00000 to 0x0000000097c00000 of length 117440512.
# Possible reasons:
#   The system is out of physical RAM or swap space
#   The process is running with CompressedOops enabled, and the Java Heap may be blocking the growth of the native heap
# Possible solutions:
#   Reduce memory load on the system
#   Increase physical memory or swap space
#   Check if swap backing store is full
#   Decrease Java heap size (-Xmx/-Xms)
#   Decrease number of Java threads
#   Decrease Java thread stack sizes (-Xss)
#   Set larger code cache with -XX:ReservedCodeCacheSize=
#   JVM is running with Unscaled Compressed Oops mode in which the Java heap is
#     placed in the first 4GB address space. The Java Heap base address is the
#     maximum limit for the native heap growth. Please use -XX:HeapBaseMinAddress
#     to set the Java Heap base and to place the Java Heap above 4GB virtual address.
# This output file may be truncated or incomplete.
#
#  Out of Memory Error (./open/src/hotspot/os/windows/os_windows.cpp:3315), pid=4924, tid=6564
#
# JRE version:  (14.0.2+12) (build )
# Java VM: OpenJDK 64-Bit Server VM (14.0.2+12-46, mixed mode, sharing, tiered, compressed oops, g1 gc, windows-amd64)
# No core dump will be written. Minidumps are not enabled by default on client versions of Windows
#

---------------  S U M M A R Y ------------

Command Line: -javaagent:C:\Program Files\JetBrains\IntelliJ IDEA Community Edition 2020.2\lib\idea_rt.jar=52944:C:\Program Files\JetBrains\IntelliJ IDEA Community Edition 2020.2\bin -Dfile.encoding=UTF-8 JavaSoundRecorder

Host: AMD A8-9600 RADEON R7, 10 COMPUTE CORES 4C+6G  , 4 cores, 6G,  Windows 7 , 64 bit Build 7601 (6.1.7601.24499)
Time: Mon Oct 26 16:19:44 2020 RTZ 2 (ceia) elapsed time: 0 seconds (0d 0h 0m 0s)

---------------  T H R E A D  ---------------

Current thread (0x00000000003fa800):  JavaThread "Unknown thread" [_thread_in_vm, id=6564, stack(0x0000000002210000,0x0000000002310000)]

Stack: [0x0000000002210000,0x0000000002310000]
Native frames: (J=compiled Java code, j=interpreted, Vv=VM code, C=native code)
V  [jvm.dll+0x5f8a9a]
V  [jvm.dll+0x74247a]
V  [jvm.dll+0x743c2f]
V  [jvm.dll+0x744273]
V  [jvm.dll+0x20d288]
V  [jvm.dll+0x5f5dea]
V  [jvm.dll+0x5eac45]
V  [jvm.dll+0x2c7e9c]
V  [jvm.dll+0x2c7cd2]
V  [jvm.dll+0x2cdbbc]
V  [jvm.dll+0x313fe8]
V  [jvm.dll+0x313710]
V  [jvm.dll+0x2a092a]
V  [jvm.dll+0x2a1a79]
V  [jvm.dll+0x71fd48]
V  [jvm.dll+0x321c14]
V  [jvm.dll+0x70112c]
V  [jvm.dll+0x392def]
V  [jvm.dll+0x394e61]
C  [jli.dll+0x524b]
C  [ucrtbase.DLL+0x203ba]
C  [kernel32.dll+0x1556d]
C  [ntdll.dll+0x5385d]


---------------  P R O C E S S  ---------------

Threads class SMR info:
_java_thread_list=0x000007fecbb13038, length=0, elements={
}

Java Threads: ( => current thread )

Other Threads:
  0x000000000043a000 GCTaskThread "GC Thread#0" [stack: 0x000000001e6f0000,0x000000001e7f0000] [id=4140]
  0x000000000044b800 ConcurrentGCThread "G1 Main Marker" [stack: 0x000000001e8e0000,0x000000001e9e0000] [id=2908]
  0x000000000044c800 ConcurrentGCThread "G1 Conc#0" [stack: 0x000000001eb80000,0x000000001ec80000] [id=1904]

[error occurred during error reporting (printing all threads), id 0xc0000005, EXCEPTION_ACCESS_VIOLATION (0xc0000005) at pc=0x000007fecb341257]

VM state:not at safepoint (not fully initialized)

VM Mutex/Monitor currently owned by a thread:  ([mutex/lock_event])
[0x00000000003f39f0] Heap_lock - owner thread: 0x00000000003fa800

Heap address: 0x0000000090c00000, size: 1780 MB, Compressed Oops mode: 32-bit
Narrow klass base: 0x0000000000000000, Narrow klass shift: 0

GC Heap History (0 events):
No events

Deoptimization events (0 events):
No events

Classes unloaded (0 events):
No events

Classes redefined (0 events):
No events

Internal exceptions (0 events):
No events

Events (2 events):
Event: 0.020 Loaded shared library C:\Users\itmaster\.jdks\openjdk-14.0.2\bin\java.dll
Event: 0.021 Loaded shared library C:\Users\itmaster\.jdks\openjdk-14.0.2\bin\zip.dll


Dynamic libraries:
0x000000013f4e0000 - 0x000000013f4ed000 	C:\Users\itmaster\.jdks\openjdk-14.0.2\bin\java.exe
0x00000000779e0000 - 0x0000000077b7f000 	C:\Windows\SYSTEM32\ntdll.dll
0x000007fee0070000 - 0x000007fee0082000 	C:\Program Files\AVAST Software\Avast\aswhook.dll
0x00000000777c0000 - 0x00000000778df000 	C:\Windows\system32\kernel32.dll
0x000007fefd750000 - 0x000007fefd7b7000 	C:\Windows\system32\KERNELBASE.dll
0x000007fefaa90000 - 0x000007fefaaa8000 	C:\Users\itmaster\.jdks\openjdk-14.0.2\bin\jli.dll
0x000007fefc0a0000 - 0x000007fefc295000 	C:\Windows\WinSxS\amd64_microsoft.windows.common-controls_6595b64144ccf1df_6.0.7601.24483_none_e372d88f30fbb845\COMCTL32.dll
0x000007feff1f0000 - 0x000007feff28f000 	C:\Windows\system32\msvcrt.dll
0x000007fefd8f0000 - 0x000007fefd957000 	C:\Windows\system32\GDI32.dll
0x00000000778e0000 - 0x00000000779da000 	C:\Windows\system32\USER32.dll
0x000007fefdc50000 - 0x000007fefdc5e000 	C:\Windows\system32\LPK.dll
0x000007fefed10000 - 0x000007fefeddb000 	C:\Windows\system32\USP10.dll
0x000007fefeed0000 - 0x000007fefef41000 	C:\Windows\system32\SHLWAPI.dll
0x000007fee8340000 - 0x000007fee8355000 	C:\Users\itmaster\.jdks\openjdk-14.0.2\bin\VCRUNTIME140.dll
0x000007fefaa80000 - 0x000007fefaa84000 	C:\Users\itmaster\.jdks\openjdk-14.0.2\bin\api-ms-win-crt-runtime-l1-1-0.dll
0x000007fee7a00000 - 0x000007fee7afc000 	C:\Users\itmaster\.jdks\openjdk-14.0.2\bin\ucrtbase.DLL
0x000007fee8330000 - 0x000007fee8333000 	C:\Users\itmaster\.jdks\openjdk-14.0.2\bin\api-ms-win-core-localization-l1-2-0.dll
0x000007fee8320000 - 0x000007fee8323000 	C:\Users\itmaster\.jdks\openjdk-14.0.2\bin\api-ms-win-core-processthreads-l1-1-1.dll
0x000007fee82a0000 - 0x000007fee82a3000 	C:\Users\itmaster\.jdks\openjdk-14.0.2\bin\api-ms-win-core-file-l1-2-0.dll
0x000007fee8290000 - 0x000007fee8293000 	C:\Users\itmaster\.jdks\openjdk-14.0.2\bin\api-ms-win-core-timezone-l1-1-0.dll
0x000007fee8280000 - 0x000007fee8283000 	C:\Users\itmaster\.jdks\openjdk-14.0.2\bin\api-ms-win-core-file-l2-1-0.dll
0x000007fee8270000 - 0x000007fee8273000 	C:\Users\itmaster\.jdks\openjdk-14.0.2\bin\api-ms-win-core-synch-l1-2-0.dll
0x000007fee8260000 - 0x000007fee8263000 	C:\Users\itmaster\.jdks\openjdk-14.0.2\bin\api-ms-win-crt-heap-l1-1-0.dll
0x000007fee8240000 - 0x000007fee8244000 	C:\Users\itmaster\.jdks\openjdk-14.0.2\bin\api-ms-win-crt-string-l1-1-0.dll
0x000007fee8230000 - 0x000007fee8234000 	C:\Users\itmaster\.jdks\openjdk-14.0.2\bin\api-ms-win-crt-stdio-l1-1-0.dll
0x000007fee8220000 - 0x000007fee8224000 	C:\Users\itmaster\.jdks\openjdk-14.0.2\bin\api-ms-win-crt-convert-l1-1-0.dll
0x000007fee8210000 - 0x000007fee8213000 	C:\Users\itmaster\.jdks\openjdk-14.0.2\bin\api-ms-win-crt-environment-l1-1-0.dll
0x000007fee8200000 - 0x000007fee8203000 	C:\Users\itmaster\.jdks\openjdk-14.0.2\bin\api-ms-win-crt-filesystem-l1-1-0.dll
0x000007fee81f0000 - 0x000007fee81f5000 	C:\Users\itmaster\.jdks\openjdk-14.0.2\bin\api-ms-win-crt-math-l1-1-0.dll
0x000007fee8030000 - 0x000007fee8033000 	C:\Users\itmaster\.jdks\openjdk-14.0.2\bin\api-ms-win-crt-locale-l1-1-0.dll
0x000007fefede0000 - 0x000007fefee0e000 	C:\Windows\system32\IMM32.DLL
0x000007fefec00000 - 0x000007fefed09000 	C:\Windows\system32\MSCTF.dll
0x000007fee7960000 - 0x000007fee79fb000 	C:\Users\itmaster\.jdks\openjdk-14.0.2\bin\msvcp140.dll
0x000007fee7950000 - 0x000007fee7953000 	C:\Users\itmaster\.jdks\openjdk-14.0.2\bin\api-ms-win-crt-time-l1-1-0.dll
0x000007fee7940000 - 0x000007fee7943000 	C:\Users\itmaster\.jdks\openjdk-14.0.2\bin\api-ms-win-crt-utility-l1-1-0.dll
0x000007fecb090000 - 0x000007fecbbae000 	C:\Users\itmaster\.jdks\openjdk-14.0.2\bin\server\jvm.dll
0x000007feff110000 - 0x000007feff1eb000 	C:\Windows\system32\ADVAPI32.dll
0x000007fefee10000 - 0x000007fefee2f000 	C:\Windows\SYSTEM32\sechost.dll
0x000007fefef50000 - 0x000007feff07c000 	C:\Windows\system32\RPCRT4.dll
0x000007fef7a50000 - 0x000007fef7a59000 	C:\Windows\system32\WSOCK32.dll
0x000007fefd960000 - 0x000007fefd9ad000 	C:\Windows\system32\WS2_32.dll
0x000007feff080000 - 0x000007feff088000 	C:\Windows\system32\NSI.dll
0x000007fefb020000 - 0x000007fefb05b000 	C:\Windows\system32\WINMM.dll
0x000007fefc5c0000 - 0x000007fefc5cc000 	C:\Windows\system32\VERSION.dll
0x0000000077b90000 - 0x0000000077b97000 	C:\Windows\system32\PSAPI.DLL
0x000007fee7930000 - 0x000007fee793a000 	C:\Users\itmaster\.jdks\openjdk-14.0.2\bin\jimage.dll
0x000007fef67d0000 - 0x000007fef68f5000 	C:\Windows\system32\DBGHELP.DLL
0x000007fee7890000 - 0x000007fee789e000 	C:\Users\itmaster\.jdks\openjdk-14.0.2\bin\instrument.dll
0x000007fee7900000 - 0x000007fee7925000 	C:\Users\itmaster\.jdks\openjdk-14.0.2\bin\java.dll
0x000007fee78e0000 - 0x000007fee78f6000 	C:\Users\itmaster\.jdks\openjdk-14.0.2\bin\zip.dll

dbghelp: loaded successfully - version: 4.0.5 - missing functions: none
symbol engine: initialized successfully - sym options: 0x614 - pdb path: .;C:\Users\itmaster\.jdks\openjdk-14.0.2\bin;C:\Windows\SYSTEM32;C:\Program Files\AVAST Software\Avast;C:\Windows\WinSxS\amd64_microsoft.windows.common-controls_6595b64144ccf1df_6.0.7601.24483_none_e372d88f30fbb845;C:\Users\itmaster\.jdks\openjdk-14.0.2\bin\server

VM Arguments:
jvm_args: -javaagent:C:\Program Files\JetBrains\IntelliJ IDEA Community Edition 2020.2\lib\idea_rt.jar=52944:C:\Program Files\JetBrains\IntelliJ IDEA Community Edition 2020.2\bin -Dfile.encoding=UTF-8 
java_command: JavaSoundRecorder
java_class_path (initial): C:\Users\itmaster\IdeaProjects\Skillbox\java_basics\03_ObjectsAndClasses\JavaSoundRecorder\out\production\JavaSoundRecorder;C:\Users\itmaster\IdeaProjects\Skillbox\java_basics\03_ObjectsAndClasses\JavaSoundRecorder\lib\dropbox-core-sdk-3.1.5.jar;C:\Users\itmaster\IdeaProjects\Skillbox\java_basics\03_ObjectsAndClasses\JavaSoundRecorder\lib\jackson-core-2.7.4.jar
Launcher Type: SUN_STANDARD

[Global flags]
     intx CICompilerCount                          = 3                                         {product} {ergonomic}
     uint ConcGCThreads                            = 1                                         {product} {ergonomic}
     uint G1ConcRefinementThreads                  = 4                                         {product} {ergonomic}
   size_t G1HeapRegionSize                         = 1048576                                   {product} {ergonomic}
    uintx GCDrainStackTargetSize                   = 64                                        {product} {ergonomic}
   size_t InitialHeapSize                          = 117440512                                 {product} {ergonomic}
   size_t MarkStackSize                            = 4194304                                   {product} {ergonomic}
   size_t MaxHeapSize                              = 1866465280                                {product} {ergonomic}
   size_t MinHeapDeltaBytes                        = 1048576                                   {product} {ergonomic}
   size_t MinHeapSize                              = 8388608                                   {product} {ergonomic}
    uintx NonNMethodCodeHeapSize                   = 5832780                                {pd product} {ergonomic}
    uintx NonProfiledCodeHeapSize                  = 122912730                              {pd product} {ergonomic}
    uintx ProfiledCodeHeapSize                     = 122912730                              {pd product} {ergonomic}
    uintx ReservedCodeCacheSize                    = 251658240                              {pd product} {ergonomic}
     bool SegmentedCodeCache                       = true                                      {product} {ergonomic}
   size_t SoftMaxHeapSize                          = 1866465280                             {manageable} {ergonomic}
     bool UseCompressedClassPointers               = true                                 {lp64_product} {ergonomic}
     bool UseCompressedOops                        = true                                 {lp64_product} {ergonomic}
     bool UseG1GC                                  = true                                      {product} {ergonomic}
     bool UseLargePagesIndividualAllocation        = false                                  {pd product} {ergonomic}

Logging:
Log output configuration:
 #0: stdout all=warning uptime,level,tags
 #1: stderr all=off uptime,level,tags

Environment Variables:
JAVA_HOME=C:\Program Files\Java\jdk-11.0.8
PATH=C:\Program Files\Common Files\Oracle\Java\javapath;C:\Program Files (x86)\Common Files\Oracle\Java\javapath;C:\Program Files\Java\jdk-11.0.8;C:\Program Files\Git\cmd;C:\ProgramData\Oracle\Java\javapath;C:\Windows\system32;C:\Windows;C:\Windows\System32\Wbem;C:\Windows\System32\WindowsPowerShell\v1.0\;C:\php;C:\ProgramData\ComposerSetup\bin;C:\Program Files\nodejs\;C:\Program Files\Bandizip\7z;C:\Users\Rikcon\AppData\Roaming\npm;C:\adb;C:\Program Files\Intel\WiFi\bin\;C:\Program Files\Common Files\Intel\WirelessCommon\;C:\HashiCorp\Vagrant\bin;C:\Go\bin;C:\Program Files (x86)\NVIDIA Corporation\PhysX\Common;C:\Program Files (x86)\Livestreamer;C:\Program Files (x86)\Git\cmd;C:\Program Files (x86)\Git\bin;C:\Python34\Scripts;C:\Windows\system32;C:\Windows;C:\Windows\System32\Wbem;C:\Windows\System32\WindowsPowerShell\v1.0\
USERNAME=itmaster
OS=Windows_NT
PROCESSOR_IDENTIFIER=AMD64 Family 21 Model 101 Stepping 1, AuthenticAMD



---------------  S Y S T E M  ---------------

OS: Windows 7 , 64 bit Build 7601 (6.1.7601.24499)
OS uptime: 0 days 8:03 hours

CPU:total 4 (initial active 4) (4 cores per cpu, 1 threads per core) family 21 model 101 stepping 1, cmov, cx8, fxsr, mmx, sse, sse2, sse3, ssse3, sse4.1, sse4.2, popcnt, avx, avx2, aes, clmul, mmxext, 3dnowpref, lzcnt, sse4a, tsc, tscinvbit, tscinv, bmi1, bmi2, fma

Memory: 4k page, system-wide physical 7119M (1019M free)
TotalPageFile size 8141M (AvailPageFile size 24M)
current process WorkingSet (physical memory assigned to process): 10M, peak: 10M
current process commit charge ("private bytes"): 58M, peak: 168M

vm_info: OpenJDK 64-Bit Server VM (14.0.2+12-46) for windows-amd64 JRE (14.0.2+12-46), built on Jul  9 2020 00:31:16 by "mach5one" with MS VC++ 15.9 (VS2017)

END.
